[2021-04-07 06:40:25Z INFO HostContext] No proxy settings were found based on environmental variables (http_proxy/https_proxy/HTTP_PROXY/HTTPS_PROXY)
[2021-04-07 06:40:25Z INFO HostContext] Well known directory 'Bin': 'C:\Users\rnlclng.pilar\OneDrive\Documents\airlineReservationSystem\deploy\bin'
[2021-04-07 06:40:25Z INFO HostContext] Well known directory 'Root': 'C:\Users\rnlclng.pilar\OneDrive\Documents\airlineReservationSystem\deploy'
[2021-04-07 06:40:25Z INFO HostContext] Well known config file 'Credentials': 'C:\Users\rnlclng.pilar\OneDrive\Documents\airlineReservationSystem\deploy\.credentials'
[2021-04-07 06:40:25Z INFO Listener] Runner is built for Windows (X64) - win-x64.
[2021-04-07 06:40:25Z INFO Listener] RuntimeInformation: Microsoft Windows 10.0.19042.
[2021-04-07 06:40:25Z INFO Listener] Version: 2.277.1
[2021-04-07 06:40:25Z INFO Listener] Commit: 183a3dd9a0d4d51feddc5fe9fa6c3b5f8b08343d
[2021-04-07 06:40:25Z INFO Listener] Culture: en-CA
[2021-04-07 06:40:25Z INFO Listener] UI Culture: en-US
[2021-04-07 06:40:25Z INFO HostContext] Well known directory 'Bin': 'C:\Users\rnlclng.pilar\OneDrive\Documents\airlineReservationSystem\deploy\bin'
[2021-04-07 06:40:25Z INFO HostContext] Well known directory 'Root': 'C:\Users\rnlclng.pilar\OneDrive\Documents\airlineReservationSystem\deploy'
[2021-04-07 06:40:25Z INFO Listener] Validating directory permissions for: 'C:\Users\rnlclng.pilar\OneDrive\Documents\airlineReservationSystem\deploy'
[2021-04-07 06:40:25Z INFO CommandLineParser] Parse
[2021-04-07 06:40:25Z INFO CommandLineParser] Parsing 1 args
[2021-04-07 06:40:25Z INFO CommandLineParser] parsing argument
[2021-04-07 06:40:25Z INFO CommandLineParser] HasArgs: False
[2021-04-07 06:40:25Z INFO CommandLineParser] Adding Command: run
[2021-04-07 06:40:25Z INFO Listener] Arguments parsed
[2021-04-07 06:40:25Z INFO Runner] ExecuteCommand
[2021-04-07 06:40:25Z INFO ConfigurationStore] currentAssemblyLocation: C:\Users\rnlclng.pilar\OneDrive\Documents\airlineReservationSystem\deploy\bin\Runner.Listener.dll
[2021-04-07 06:40:25Z INFO HostContext] Well known directory 'Bin': 'C:\Users\rnlclng.pilar\OneDrive\Documents\airlineReservationSystem\deploy\bin'
[2021-04-07 06:40:25Z INFO ConfigurationStore] binPath: C:\Users\rnlclng.pilar\OneDrive\Documents\airlineReservationSystem\deploy\bin
[2021-04-07 06:40:25Z INFO HostContext] Well known directory 'Bin': 'C:\Users\rnlclng.pilar\OneDrive\Documents\airlineReservationSystem\deploy\bin'
[2021-04-07 06:40:25Z INFO HostContext] Well known directory 'Root': 'C:\Users\rnlclng.pilar\OneDrive\Documents\airlineReservationSystem\deploy'
[2021-04-07 06:40:25Z INFO ConfigurationStore] RootFolder: C:\Users\rnlclng.pilar\OneDrive\Documents\airlineReservationSystem\deploy
[2021-04-07 06:40:25Z INFO HostContext] Well known directory 'Bin': 'C:\Users\rnlclng.pilar\OneDrive\Documents\airlineReservationSystem\deploy\bin'
[2021-04-07 06:40:25Z INFO HostContext] Well known directory 'Root': 'C:\Users\rnlclng.pilar\OneDrive\Documents\airlineReservationSystem\deploy'
[2021-04-07 06:40:25Z INFO HostContext] Well known config file 'Runner': 'C:\Users\rnlclng.pilar\OneDrive\Documents\airlineReservationSystem\deploy\.runner'
[2021-04-07 06:40:25Z INFO ConfigurationStore] ConfigFilePath: C:\Users\rnlclng.pilar\OneDrive\Documents\airlineReservationSystem\deploy\.runner
[2021-04-07 06:40:25Z INFO HostContext] Well known directory 'Bin': 'C:\Users\rnlclng.pilar\OneDrive\Documents\airlineReservationSystem\deploy\bin'
[2021-04-07 06:40:25Z INFO HostContext] Well known directory 'Root': 'C:\Users\rnlclng.pilar\OneDrive\Documents\airlineReservationSystem\deploy'
[2021-04-07 06:40:25Z INFO HostContext] Well known config file 'Credentials': 'C:\Users\rnlclng.pilar\OneDrive\Documents\airlineReservationSystem\deploy\.credentials'
[2021-04-07 06:40:25Z INFO ConfigurationStore] CredFilePath: C:\Users\rnlclng.pilar\OneDrive\Documents\airlineReservationSystem\deploy\.credentials
[2021-04-07 06:40:25Z INFO HostContext] Well known directory 'Bin': 'C:\Users\rnlclng.pilar\OneDrive\Documents\airlineReservationSystem\deploy\bin'
[2021-04-07 06:40:25Z INFO HostContext] Well known directory 'Root': 'C:\Users\rnlclng.pilar\OneDrive\Documents\airlineReservationSystem\deploy'
[2021-04-07 06:40:25Z INFO HostContext] Well known config file 'MigratedCredentials': 'C:\Users\rnlclng.pilar\OneDrive\Documents\airlineReservationSystem\deploy\.credentials_migrated'
[2021-04-07 06:40:25Z INFO ConfigurationStore] MigratedCredFilePath: C:\Users\rnlclng.pilar\OneDrive\Documents\airlineReservationSystem\deploy\.credentials_migrated
[2021-04-07 06:40:25Z INFO HostContext] Well known directory 'Bin': 'C:\Users\rnlclng.pilar\OneDrive\Documents\airlineReservationSystem\deploy\bin'
[2021-04-07 06:40:25Z INFO HostContext] Well known directory 'Root': 'C:\Users\rnlclng.pilar\OneDrive\Documents\airlineReservationSystem\deploy'
[2021-04-07 06:40:25Z INFO HostContext] Well known config file 'Service': 'C:\Users\rnlclng.pilar\OneDrive\Documents\airlineReservationSystem\deploy\.service'
[2021-04-07 06:40:25Z INFO ConfigurationStore] ServiceConfigFilePath: C:\Users\rnlclng.pilar\OneDrive\Documents\airlineReservationSystem\deploy\.service
[2021-04-07 06:40:25Z INFO CommandSettings] Flag 'help': 'False'
[2021-04-07 06:40:25Z INFO CommandSettings] Flag 'version': 'False'
[2021-04-07 06:40:25Z INFO CommandSettings] Flag 'commit': 'False'
[2021-04-07 06:40:25Z INFO CommandSettings] Flag 'check': 'False'
[2021-04-07 06:40:25Z INFO CommandSettings] Command 'configure': 'False'
[2021-04-07 06:40:25Z INFO CommandSettings] Command 'remove': 'False'
[2021-04-07 06:40:25Z INFO CommandSettings] Command 'warmup': 'False'
[2021-04-07 06:40:25Z INFO ConfigurationManager] LoadSettings
[2021-04-07 06:40:25Z INFO ConfigurationStore] IsConfigured()
[2021-04-07 06:40:25Z INFO ConfigurationStore] IsConfigured: True
[2021-04-07 06:40:25Z INFO ConfigurationManager] Is configured: True
[2021-04-07 06:40:25Z INFO ConfigurationStore] Read setting file: 310 chars
[2021-04-07 06:40:25Z INFO ConfigurationManager] Settings Loaded
[2021-04-07 06:40:25Z INFO ConfigurationStore] IsServiceConfigured()
[2021-04-07 06:40:25Z INFO ConfigurationStore] IsServiceConfigured: False
[2021-04-07 06:40:25Z INFO CommandSettings] Command 'run': 'True'
[2021-04-07 06:40:25Z INFO ConfigurationStore] IsConfigured()
[2021-04-07 06:40:25Z INFO ConfigurationStore] IsConfigured: True
[2021-04-07 06:40:25Z INFO ConfigurationManager] Is configured: True
[2021-04-07 06:40:25Z INFO Runner] Could not parse the argument value '' for StartupType. Defaulting to Manual
[2021-04-07 06:40:25Z INFO Runner] Set runner startup type - Manual
[2021-04-07 06:40:25Z INFO CommandSettings] Flag 'once': 'False'
[2021-04-07 06:40:25Z INFO Runner] RunAsync
[2021-04-07 06:40:25Z INFO ConfigurationManager] LoadSettings
[2021-04-07 06:40:25Z INFO ConfigurationStore] IsConfigured()
[2021-04-07 06:40:25Z INFO ConfigurationStore] IsConfigured: True
[2021-04-07 06:40:25Z INFO ConfigurationManager] Is configured: True
[2021-04-07 06:40:25Z INFO ConfigurationManager] Settings Loaded
[2021-04-07 06:40:25Z INFO MessageListener] {
  "AgentId": 22,
  "AgentName": "deployment",
  "PoolId": 1,
  "PoolName": "Default",
  "ServerUrl": "https://pipelines.actions.githubusercontent.com/SSHhx8rsXseNkqXBAUaaHrdg7AY6Y28lQ0zjxSl9Mta0QYL8Eo",
  "GitHubUrl": "https://github.com/SOFE2720/airlineReservationSystem",
  "WorkFolder": "deploy"
}
[2021-04-07 06:40:25Z INFO MessageListener] Loading Credentials
[2021-04-07 06:40:25Z INFO ConfigurationStore] HasCredentials()
[2021-04-07 06:40:25Z INFO ConfigurationStore] stored True
[2021-04-07 06:40:25Z INFO CredentialManager] GetCredentialProvider
[2021-04-07 06:40:25Z INFO CredentialManager] Creating type OAuth
[2021-04-07 06:40:25Z INFO CredentialManager] Creating credential type: OAuth
[2021-04-07 06:40:25Z INFO HostContext] Well known directory 'Bin': 'C:\Users\rnlclng.pilar\OneDrive\Documents\airlineReservationSystem\deploy\bin'
[2021-04-07 06:40:25Z INFO HostContext] Well known directory 'Root': 'C:\Users\rnlclng.pilar\OneDrive\Documents\airlineReservationSystem\deploy'
[2021-04-07 06:40:25Z INFO HostContext] Well known config file 'RSACredentials': 'C:\Users\rnlclng.pilar\OneDrive\Documents\airlineReservationSystem\deploy\.credentials_rsaparams'
[2021-04-07 06:40:25Z INFO RSAEncryptedFileKeyManager] Loading RSA key parameters from file C:\Users\rnlclng.pilar\OneDrive\Documents\airlineReservationSystem\deploy\.credentials_rsaparams
[2021-04-07 06:40:25Z INFO MessageListener] Attempt to create session.
[2021-04-07 06:40:25Z INFO MessageListener] Connecting to the Runner Server...
[2021-04-07 06:40:25Z INFO RunnerServer] Establish connection with 100 seconds timeout.
[2021-04-07 06:40:25Z INFO GitHubActionsService] Starting operation Location.GetConnectionData
[2021-04-07 06:40:25Z INFO RunnerServer] Establish connection with 60 seconds timeout.
[2021-04-07 06:40:25Z INFO GitHubActionsService] Starting operation Location.GetConnectionData
[2021-04-07 06:40:25Z INFO RunnerServer] Establish connection with 60 seconds timeout.
[2021-04-07 06:40:25Z INFO GitHubActionsService] Starting operation Location.GetConnectionData
[2021-04-07 06:40:25Z INFO GitHubActionsService] Finished operation Location.GetConnectionData
[2021-04-07 06:40:25Z INFO GitHubActionsService] Finished operation Location.GetConnectionData
[2021-04-07 06:40:25Z INFO GitHubActionsService] Finished operation Location.GetConnectionData
[2021-04-07 06:40:25Z INFO MessageListener] VssConnection created
[2021-04-07 06:40:25Z INFO Terminal] WRITE LINE: 
[2021-04-07 06:40:25Z INFO Terminal] WRITE LINE: 
[2021-04-07 06:40:25Z WARN GitHubActionsService] Authentication failed with status code 401.
Transfer-Encoding: chunked
WWW-Authenticate: Bearer
Strict-Transport-Security: max-age=2592000
X-TFS-ProcessId: 01a73a1b-7952-484e-a5dc-c64b3e9a95a5
ActivityId: 4b00666d-0453-4ac9-88e3-8e4f95e35ac9
X-TFS-Session: bb9a3c89-1ad4-4f5c-bfb5-20e0c6d3f8b0
X-VSS-E2EID: fc838a11-91c2-4c83-bb57-f58957c9bb93
X-VSS-SenderDeploymentId: ac98198d-4d34-0364-420d-bafa6e51dce2
X-TFS-ServiceError: The+user+%27System%3aPublicAccess%3baaaaaaaa-aaaa-aaaa-aaaa-aaaaaaaaaaaa%27+is+not+authorized+to+access+this+resource.
X-VSS-S2STargetService: 0000005A-0000-8888-8000-000000000000/visualstudio.com
X-MSEdge-Ref: Ref A: 6187683BA8E84870B81FC841CB5D857C Ref B: YTO01EDGE0821 Ref C: 2021-04-07T06:40:26Z
Date: Wed, 07 Apr 2021 06:40:25 GMT

[2021-04-07 06:40:25Z INFO RSAEncryptedFileKeyManager] Loading RSA key parameters from file C:\Users\rnlclng.pilar\OneDrive\Documents\airlineReservationSystem\deploy\.credentials_rsaparams
[2021-04-07 06:40:25Z INFO RSAEncryptedFileKeyManager] Loading RSA key parameters from file C:\Users\rnlclng.pilar\OneDrive\Documents\airlineReservationSystem\deploy\.credentials_rsaparams
[2021-04-07 06:40:25Z INFO GitHubActionsService] AAD Correlation ID for this token request: Unknown
[2021-04-07 06:40:25Z INFO MessageListener] Session created.
[2021-04-07 06:40:25Z INFO Terminal] WRITE LINE: 2021-04-07 06:40:25Z: Listening for Jobs
[2021-04-07 06:40:25Z INFO JobDispatcher] Set runner/worker IPC timeout to 30 seconds.
