[2021-04-07 06:38:49Z INFO HostContext] No proxy settings were found based on environmental variables (http_proxy/https_proxy/HTTP_PROXY/HTTPS_PROXY)
[2021-04-07 06:38:49Z INFO HostContext] Well known directory 'Bin': 'C:\Users\rnlclng.pilar\OneDrive\Documents\airlineReservationSystem\deploy\bin'
[2021-04-07 06:38:49Z INFO HostContext] Well known directory 'Root': 'C:\Users\rnlclng.pilar\OneDrive\Documents\airlineReservationSystem\deploy'
[2021-04-07 06:38:49Z INFO HostContext] Well known config file 'Credentials': 'C:\Users\rnlclng.pilar\OneDrive\Documents\airlineReservationSystem\deploy\.credentials'
[2021-04-07 06:38:49Z INFO Listener] Runner is built for Windows (X64) - win-x64.
[2021-04-07 06:38:49Z INFO Listener] RuntimeInformation: Microsoft Windows 10.0.19042.
[2021-04-07 06:38:49Z INFO Listener] Version: 2.277.1
[2021-04-07 06:38:49Z INFO Listener] Commit: 183a3dd9a0d4d51feddc5fe9fa6c3b5f8b08343d
[2021-04-07 06:38:49Z INFO Listener] Culture: en-CA
[2021-04-07 06:38:49Z INFO Listener] UI Culture: en-US
[2021-04-07 06:38:49Z INFO HostContext] Well known directory 'Bin': 'C:\Users\rnlclng.pilar\OneDrive\Documents\airlineReservationSystem\deploy\bin'
[2021-04-07 06:38:49Z INFO HostContext] Well known directory 'Root': 'C:\Users\rnlclng.pilar\OneDrive\Documents\airlineReservationSystem\deploy'
[2021-04-07 06:38:49Z INFO Listener] Validating directory permissions for: 'C:\Users\rnlclng.pilar\OneDrive\Documents\airlineReservationSystem\deploy'
[2021-04-07 06:38:49Z INFO CommandLineParser] Parse
[2021-04-07 06:38:49Z INFO CommandLineParser] Parsing 5 args
[2021-04-07 06:38:49Z INFO CommandLineParser] parsing argument
[2021-04-07 06:38:49Z INFO CommandLineParser] HasArgs: False
[2021-04-07 06:38:49Z INFO CommandLineParser] Adding Command: configure
[2021-04-07 06:38:49Z INFO CommandLineParser] parsing argument
[2021-04-07 06:38:49Z INFO CommandLineParser] HasArgs: True
[2021-04-07 06:38:49Z INFO CommandLineParser] arg: url
[2021-04-07 06:38:49Z INFO CommandLineParser] parsing argument
[2021-04-07 06:38:49Z INFO CommandLineParser] HasArgs: True
[2021-04-07 06:38:49Z INFO CommandLineParser] Adding option 'url': 'https://github.com/SOFE2720/airlineReservationSystem'
[2021-04-07 06:38:49Z INFO CommandLineParser] parsing argument
[2021-04-07 06:38:49Z INFO CommandLineParser] HasArgs: True
[2021-04-07 06:38:49Z INFO CommandLineParser] arg: token
[2021-04-07 06:38:49Z INFO CommandLineParser] parsing argument
[2021-04-07 06:38:49Z INFO CommandLineParser] HasArgs: True
[2021-04-07 06:38:49Z INFO CommandLineParser] Adding option 'token': '***'
[2021-04-07 06:38:49Z INFO Listener] Arguments parsed
[2021-04-07 06:38:49Z INFO Runner] ExecuteCommand
[2021-04-07 06:38:49Z INFO ConfigurationStore] currentAssemblyLocation: C:\Users\rnlclng.pilar\OneDrive\Documents\airlineReservationSystem\deploy\bin\Runner.Listener.dll
[2021-04-07 06:38:49Z INFO HostContext] Well known directory 'Bin': 'C:\Users\rnlclng.pilar\OneDrive\Documents\airlineReservationSystem\deploy\bin'
[2021-04-07 06:38:49Z INFO ConfigurationStore] binPath: C:\Users\rnlclng.pilar\OneDrive\Documents\airlineReservationSystem\deploy\bin
[2021-04-07 06:38:49Z INFO HostContext] Well known directory 'Bin': 'C:\Users\rnlclng.pilar\OneDrive\Documents\airlineReservationSystem\deploy\bin'
[2021-04-07 06:38:49Z INFO HostContext] Well known directory 'Root': 'C:\Users\rnlclng.pilar\OneDrive\Documents\airlineReservationSystem\deploy'
[2021-04-07 06:38:49Z INFO ConfigurationStore] RootFolder: C:\Users\rnlclng.pilar\OneDrive\Documents\airlineReservationSystem\deploy
[2021-04-07 06:38:49Z INFO HostContext] Well known directory 'Bin': 'C:\Users\rnlclng.pilar\OneDrive\Documents\airlineReservationSystem\deploy\bin'
[2021-04-07 06:38:49Z INFO HostContext] Well known directory 'Root': 'C:\Users\rnlclng.pilar\OneDrive\Documents\airlineReservationSystem\deploy'
[2021-04-07 06:38:49Z INFO HostContext] Well known config file 'Runner': 'C:\Users\rnlclng.pilar\OneDrive\Documents\airlineReservationSystem\deploy\.runner'
[2021-04-07 06:38:49Z INFO ConfigurationStore] ConfigFilePath: C:\Users\rnlclng.pilar\OneDrive\Documents\airlineReservationSystem\deploy\.runner
[2021-04-07 06:38:49Z INFO HostContext] Well known directory 'Bin': 'C:\Users\rnlclng.pilar\OneDrive\Documents\airlineReservationSystem\deploy\bin'
[2021-04-07 06:38:49Z INFO HostContext] Well known directory 'Root': 'C:\Users\rnlclng.pilar\OneDrive\Documents\airlineReservationSystem\deploy'
[2021-04-07 06:38:49Z INFO HostContext] Well known config file 'Credentials': 'C:\Users\rnlclng.pilar\OneDrive\Documents\airlineReservationSystem\deploy\.credentials'
[2021-04-07 06:38:49Z INFO ConfigurationStore] CredFilePath: C:\Users\rnlclng.pilar\OneDrive\Documents\airlineReservationSystem\deploy\.credentials
[2021-04-07 06:38:49Z INFO HostContext] Well known directory 'Bin': 'C:\Users\rnlclng.pilar\OneDrive\Documents\airlineReservationSystem\deploy\bin'
[2021-04-07 06:38:49Z INFO HostContext] Well known directory 'Root': 'C:\Users\rnlclng.pilar\OneDrive\Documents\airlineReservationSystem\deploy'
[2021-04-07 06:38:49Z INFO HostContext] Well known config file 'MigratedCredentials': 'C:\Users\rnlclng.pilar\OneDrive\Documents\airlineReservationSystem\deploy\.credentials_migrated'
[2021-04-07 06:38:49Z INFO ConfigurationStore] MigratedCredFilePath: C:\Users\rnlclng.pilar\OneDrive\Documents\airlineReservationSystem\deploy\.credentials_migrated
[2021-04-07 06:38:49Z INFO HostContext] Well known directory 'Bin': 'C:\Users\rnlclng.pilar\OneDrive\Documents\airlineReservationSystem\deploy\bin'
[2021-04-07 06:38:49Z INFO HostContext] Well known directory 'Root': 'C:\Users\rnlclng.pilar\OneDrive\Documents\airlineReservationSystem\deploy'
[2021-04-07 06:38:49Z INFO HostContext] Well known config file 'Service': 'C:\Users\rnlclng.pilar\OneDrive\Documents\airlineReservationSystem\deploy\.service'
[2021-04-07 06:38:49Z INFO ConfigurationStore] ServiceConfigFilePath: C:\Users\rnlclng.pilar\OneDrive\Documents\airlineReservationSystem\deploy\.service
[2021-04-07 06:38:49Z INFO CommandSettings] Flag 'help': 'False'
[2021-04-07 06:38:49Z INFO CommandSettings] Flag 'version': 'False'
[2021-04-07 06:38:49Z INFO CommandSettings] Flag 'commit': 'False'
[2021-04-07 06:38:49Z INFO CommandSettings] Flag 'check': 'False'
[2021-04-07 06:38:49Z INFO CommandSettings] Command 'configure': 'True'
[2021-04-07 06:38:49Z INFO Terminal] WRITE LINE: 
[2021-04-07 06:38:49Z INFO Terminal] WRITE LINE: --------------------------------------------------------------------------------
[2021-04-07 06:38:49Z INFO Terminal] WRITE LINE: |        ____ _ _   _   _       _          _        _   _                      |
[2021-04-07 06:38:49Z INFO Terminal] WRITE LINE: |       / ___(_) |_| | | |_   _| |__      / \   ___| |_(_) ___  _ __  ___      |
[2021-04-07 06:38:49Z INFO Terminal] WRITE LINE: |      | |  _| | __| |_| | | | | '_ \    / _ \ / __| __| |/ _ \| '_ \/ __|     |
[2021-04-07 06:38:49Z INFO Terminal] WRITE LINE: |      | |_| | | |_|  _  | |_| | |_) |  / ___ \ (__| |_| | (_) | | | \__ \     |
[2021-04-07 06:38:49Z INFO Terminal] WRITE LINE: |       \____|_|\__|_| |_|\__,_|_.__/  /_/   \_\___|\__|_|\___/|_| |_|___/     |
[2021-04-07 06:38:49Z INFO Terminal] WRITE LINE: |                                                                              |
[2021-04-07 06:38:49Z INFO Terminal] WRITE: |                       
[2021-04-07 06:38:49Z INFO Terminal] WRITE: Self-hosted runner registration
[2021-04-07 06:38:49Z INFO Terminal] WRITE LINE:                         |
[2021-04-07 06:38:49Z INFO Terminal] WRITE LINE: |                                                                              |
[2021-04-07 06:38:49Z INFO Terminal] WRITE LINE: --------------------------------------------------------------------------------
[2021-04-07 06:38:49Z INFO ConfigurationManager] ConfigureAsync
[2021-04-07 06:38:49Z INFO ConfigurationStore] IsConfigured()
[2021-04-07 06:38:49Z INFO ConfigurationStore] IsConfigured: False
[2021-04-07 06:38:49Z INFO ConfigurationManager] Is configured: False
[2021-04-07 06:38:49Z INFO CommandSettings] Arg 'url': 'https://github.com/SOFE2720/airlineReservationSystem'
[2021-04-07 06:38:49Z INFO CommandSettings] Remove url from Arg dictionary.
[2021-04-07 06:38:49Z INFO CommandSettings] Arg 'token': '***'
[2021-04-07 06:38:49Z INFO CommandSettings] Remove token from Arg dictionary.
[2021-04-07 06:38:49Z INFO ConfigurationManager] Http response code: OK from 'POST https://api.github.com/actions/runner-registration'
[2021-04-07 06:38:50Z INFO ConfigurationManager] cred retrieved via GitHub auth
[2021-04-07 06:38:50Z INFO RunnerServer] Establish connection with 100 seconds timeout.
[2021-04-07 06:38:50Z INFO GitHubActionsService] Starting operation Location.GetConnectionData
[2021-04-07 06:38:50Z INFO RunnerServer] Establish connection with 60 seconds timeout.
[2021-04-07 06:38:50Z INFO GitHubActionsService] Starting operation Location.GetConnectionData
[2021-04-07 06:38:50Z INFO RunnerServer] Establish connection with 60 seconds timeout.
[2021-04-07 06:38:50Z INFO GitHubActionsService] Starting operation Location.GetConnectionData
[2021-04-07 06:38:50Z INFO GitHubActionsService] Finished operation Location.GetConnectionData
[2021-04-07 06:38:50Z INFO GitHubActionsService] Finished operation Location.GetConnectionData
[2021-04-07 06:38:50Z INFO GitHubActionsService] Finished operation Location.GetConnectionData
[2021-04-07 06:38:50Z INFO Terminal] WRITE LINE: 
[2021-04-07 06:38:50Z INFO ConfigurationManager] Test Connection complete.
[2021-04-07 06:38:50Z INFO HostContext] Well known directory 'Bin': 'C:\Users\rnlclng.pilar\OneDrive\Documents\airlineReservationSystem\deploy\bin'
[2021-04-07 06:38:50Z INFO HostContext] Well known directory 'Root': 'C:\Users\rnlclng.pilar\OneDrive\Documents\airlineReservationSystem\deploy'
[2021-04-07 06:38:50Z INFO HostContext] Well known config file 'RSACredentials': 'C:\Users\rnlclng.pilar\OneDrive\Documents\airlineReservationSystem\deploy\.credentials_rsaparams'
[2021-04-07 06:38:50Z INFO RSAEncryptedFileKeyManager] Creating new RSA key using 2048-bit key length
[2021-04-07 06:38:50Z INFO RSAEncryptedFileKeyManager] Successfully saved RSA key parameters to file C:\Users\rnlclng.pilar\OneDrive\Documents\airlineReservationSystem\deploy\.credentials_rsaparams
[2021-04-07 06:38:51Z INFO ConfigurationManager] Found a self-hosted runner group with id {1} and name {2} 1, Default
[2021-04-07 06:38:51Z INFO CommandSettings] Arg 'name': ''
[2021-04-07 06:38:51Z INFO CommandSettings] Flag 'unattended': 'False'
[2021-04-07 06:38:51Z INFO PromptManager] ReadValue
[2021-04-07 06:38:51Z INFO Terminal] WRITE: Enter the name of runner: 
[2021-04-07 06:38:51Z INFO Terminal] WRITE: [press Enter for RNLDSKTP] 
[2021-04-07 06:38:51Z INFO Terminal] READ LINE
[2021-04-07 06:39:22Z INFO Terminal] Read value: 'deployment'
[2021-04-07 06:39:22Z INFO Terminal] WRITE LINE: 
[2021-04-07 06:39:22Z INFO CommandSettings] Arg 'labels': ''
[2021-04-07 06:39:22Z INFO CommandSettings] Flag 'unattended': 'False'
[2021-04-07 06:39:22Z INFO PromptManager] ReadValue
[2021-04-07 06:39:22Z INFO Terminal] WRITE: This runner will have the following labels: 'self-hosted', 'Windows', 'X64' 
Enter any additional labels (ex. label-1,label-2): 
[2021-04-07 06:39:22Z INFO Terminal] WRITE: [press Enter to skip] 
[2021-04-07 06:39:22Z INFO Terminal] READ LINE
[2021-04-07 06:39:26Z INFO Terminal] Read value: ''
[2021-04-07 06:39:26Z INFO Terminal] WRITE LINE: 
[2021-04-07 06:39:26Z INFO ConfigurationStore] Saving OAuth credential @ C:\Users\rnlclng.pilar\OneDrive\Documents\airlineReservationSystem\deploy\.credentials
[2021-04-07 06:39:26Z INFO ConfigurationStore] Credentials Saved.
[2021-04-07 06:39:26Z INFO ConfigurationStore] HasCredentials()
[2021-04-07 06:39:26Z INFO ConfigurationStore] stored True
[2021-04-07 06:39:26Z INFO CredentialManager] GetCredentialProvider
[2021-04-07 06:39:26Z INFO CredentialManager] Creating type OAuth
[2021-04-07 06:39:26Z INFO CredentialManager] Creating credential type: OAuth
[2021-04-07 06:39:26Z INFO RSAEncryptedFileKeyManager] Loading RSA key parameters from file C:\Users\rnlclng.pilar\OneDrive\Documents\airlineReservationSystem\deploy\.credentials_rsaparams
[2021-04-07 06:39:26Z INFO RunnerServer] Establish connection with 100 seconds timeout.
[2021-04-07 06:39:26Z INFO GitHubActionsService] Starting operation Location.GetConnectionData
[2021-04-07 06:39:26Z INFO RunnerServer] Establish connection with 60 seconds timeout.
[2021-04-07 06:39:26Z INFO GitHubActionsService] Starting operation Location.GetConnectionData
[2021-04-07 06:39:26Z INFO RunnerServer] Establish connection with 60 seconds timeout.
[2021-04-07 06:39:26Z INFO GitHubActionsService] Starting operation Location.GetConnectionData
[2021-04-07 06:39:26Z INFO GitHubActionsService] Finished operation Location.GetConnectionData
[2021-04-07 06:39:26Z INFO GitHubActionsService] Finished operation Location.GetConnectionData
[2021-04-07 06:39:26Z INFO GitHubActionsService] Finished operation Location.GetConnectionData
[2021-04-07 06:39:26Z WARN GitHubActionsService] Authentication failed with status code 401.
WWW-Authenticate: Bearer
Strict-Transport-Security: max-age=2592000
X-TFS-ProcessId: 052cfc74-9555-43fd-a39e-134ecab190bd
ActivityId: 75ff6abd-f846-4dbc-b2ec-6d944f6fd467
X-TFS-Session: c5297e0b-c991-4708-8674-a2f60f3b9d1a
X-VSS-E2EID: 5c415a49-c870-45cb-8c63-8d81944d54fe
X-VSS-SenderDeploymentId: ac98198d-4d34-0364-420d-bafa6e51dce2
X-TFS-ServiceError: The+user+%27System%3aPublicAccess%3baaaaaaaa-aaaa-aaaa-aaaa-aaaaaaaaaaaa%27+is+not+authorized+to+access+this+resource.
X-VSS-S2STargetService: 0000005A-0000-8888-8000-000000000000/visualstudio.com
X-MSEdge-Ref: Ref A: A8026DF7E0F1487FA76B3E7B1B763A0C Ref B: YTO01EDGE0711 Ref C: 2021-04-07T06:39:27Z
Date: Wed, 07 Apr 2021 06:39:26 GMT

[2021-04-07 06:39:26Z INFO RSAEncryptedFileKeyManager] Loading RSA key parameters from file C:\Users\rnlclng.pilar\OneDrive\Documents\airlineReservationSystem\deploy\.credentials_rsaparams
[2021-04-07 06:39:26Z INFO RSAEncryptedFileKeyManager] Loading RSA key parameters from file C:\Users\rnlclng.pilar\OneDrive\Documents\airlineReservationSystem\deploy\.credentials_rsaparams
[2021-04-07 06:39:27Z INFO GitHubActionsService] AAD Correlation ID for this token request: Unknown
[2021-04-07 06:39:27Z INFO CommandSettings] Arg 'work': ''
[2021-04-07 06:39:27Z INFO CommandSettings] Flag 'unattended': 'False'
[2021-04-07 06:39:27Z INFO PromptManager] ReadValue
[2021-04-07 06:39:27Z INFO Terminal] WRITE: Enter name of work folder: 
[2021-04-07 06:39:27Z INFO Terminal] WRITE: [press Enter for _work] 
[2021-04-07 06:39:27Z INFO Terminal] READ LINE
[2021-04-07 06:39:30Z INFO Terminal] Read value: 'deploy'
[2021-04-07 06:39:30Z INFO ConfigurationStore] Saving runner settings.
[2021-04-07 06:39:30Z INFO ConfigurationStore] Settings Saved.
[2021-04-07 06:39:30Z INFO Terminal] WRITE LINE: 
[2021-04-07 06:39:30Z INFO Terminal] WRITE LINE: 
[2021-04-07 06:39:30Z INFO CommandSettings] Flag 'runasservice': 'False'
[2021-04-07 06:39:30Z INFO CommandSettings] Flag 'unattended': 'False'
[2021-04-07 06:39:30Z INFO PromptManager] ReadValue
[2021-04-07 06:39:30Z INFO Terminal] WRITE: Would you like to run the runner as service? (Y/N) 
[2021-04-07 06:39:30Z INFO Terminal] WRITE: [press Enter for N] 
[2021-04-07 06:39:30Z INFO Terminal] READ LINE
[2021-04-07 06:39:50Z INFO Terminal] Read value: 'n'
[2021-04-07 06:39:50Z INFO Listener] Runner execution has finished with return code 0
